0 info it worked if it ends with ok
1 verbose cli [ 'C:\\Program Files\\nodejs\\node.exe',
1 verbose cli   'C:\\Program Files\\nodejs\\node_modules\\npm\\bin\\npm-cli.js',
1 verbose cli   'run',
1 verbose cli   'build' ]
2 info using npm@3.10.8
3 info using node@v6.9.1
4 verbose run-script [ 'prebuild', 'build', 'postbuild' ]
5 info lifecycle wplay_item@1.0.0~prebuild: wplay_item@1.0.0
6 silly lifecycle wplay_item@1.0.0~prebuild: no script for prebuild, continuing
7 info lifecycle wplay_item@1.0.0~build: wplay_item@1.0.0
8 verbose lifecycle wplay_item@1.0.0~build: unsafe-perm in lifecycle true
9 verbose lifecycle wplay_item@1.0.0~build: PATH: C:\Program Files\nodejs\node_modules\npm\bin\node-gyp-bin;D:\wplay_item\node_modules\.bin;C:\Windows\system32;C:\Windows;C:\Windows\System32\Wbem;C:\Windows\System32\WindowsPowerShell\v1.0\;C:\Program Files\nodejs\;D:\IT\SVN\bin;D:\IT\Git\cmd;D:\IT\Ruby22-x64\bin;C:\Users\Bill\AppData\Roaming\npm;C:\Users\Bill\AppData\Local\atom\bin
10 verbose lifecycle wplay_item@1.0.0~build: CWD: D:\wplay_item
11 silly lifecycle wplay_item@1.0.0~build: Args: [ '/d /s /c',
11 silly lifecycle   'babel src/js/babelstudy.js -d build/js/babelstudy.js' ]
12 silly lifecycle wplay_item@1.0.0~build: Returned: code: 1  signal: null
13 info lifecycle wplay_item@1.0.0~build: Failed to exec build script
14 verbose stack Error: wplay_item@1.0.0 build: `babel src/js/babelstudy.js -d build/js/babelstudy.js`
14 verbose stack Exit status 1
14 verbose stack     at EventEmitter.<anonymous> (C:\Program Files\nodejs\node_modules\npm\lib\utils\lifecycle.js:255:16)
14 verbose stack     at emitTwo (events.js:106:13)
14 verbose stack     at EventEmitter.emit (events.js:191:7)
14 verbose stack     at ChildProcess.<anonymous> (C:\Program Files\nodejs\node_modules\npm\lib\utils\spawn.js:40:14)
14 verbose stack     at emitTwo (events.js:106:13)
14 verbose stack     at ChildProcess.emit (events.js:191:7)
14 verbose stack     at maybeClose (internal/child_process.js:877:16)
14 verbose stack     at Process.ChildProcess._handle.onexit (internal/child_process.js:226:5)
15 verbose pkgid wplay_item@1.0.0
16 verbose cwd D:\wplay_item
17 error Windows_NT 6.3.9600
18 error argv "C:\\Program Files\\nodejs\\node.exe" "C:\\Program Files\\nodejs\\node_modules\\npm\\bin\\npm-cli.js" "run" "build"
19 error node v6.9.1
20 error npm  v3.10.8
21 error code ELIFECYCLE
22 error wplay_item@1.0.0 build: `babel src/js/babelstudy.js -d build/js/babelstudy.js`
22 error Exit status 1
23 error Failed at the wplay_item@1.0.0 build script 'babel src/js/babelstudy.js -d build/js/babelstudy.js'.
23 error Make sure you have the latest version of node.js and npm installed.
23 error If you do, this is most likely a problem with the wplay_item package,
23 error not with npm itself.
23 error Tell the author that this fails on your system:
23 error     babel src/js/babelstudy.js -d build/js/babelstudy.js
23 error You can get information on how to open an issue for this project with:
23 error     npm bugs wplay_item
23 error Or if that isn't available, you can get their info via:
23 error     npm owner ls wplay_item
23 error There is likely additional logging output above.
24 verbose exit [ 1, true ]
